<?xml version="1.0" encoding="UTF-8"?>
<!-- Generated by org.testng.reporters.JUnitReportReporter -->
<testsuite hostname="2KMRFK3" failures="0" tests="1" name="Testing1" time="0.000" errors="0" timestamp="2024-08-08T15:37:56 MDT" skipped="0">
  <testcase classname="Testing1" name="runtest" time="0.000"/>
</testsuite> <!-- Testing1 -->
